<html xmlns:math="http://exslt.org/math" xmlns:testng="http://testng.org">
   <head>
      <title>TestNG Results</title>
      <meta http-equiv="content-type" content="text/html; charset=utf-8"></meta>
      <meta http-equiv="pragma" content="no-cache"></meta>
      <meta http-equiv="cache-control" content="max-age=0"></meta>
      <meta http-equiv="cache-control" content="no-cache"></meta>
      <meta http-equiv="cache-control" content="no-store"></meta>
      <LINK rel="stylesheet" href="style.css"></LINK>
      <script type="text/javascript" src="main.js"></script>
   </head>
   <body>
      <table width="100%" style="font-size: 16px; margin-bottom: 10px;" cellspacing="1">
         <tr>
            <td width="100%">
               All methods in suite
               
               <b>Informal_Test_Case</b>
            </td>
            <td style="background-color: #FFBBBB; padding: 3px 3px 3px 0;" align="center">
               <div style="width: 50px;">1</div>
            </td>
            <td style="background-color: lightgreen; padding: 3px 3px 3px 0;" align="center">
               <div style="width: 50px;">10</div>
            </td>
            <td style="background-color: #FFFFBB; padding: 3px 3px 3px 0;" align="center">
               <div style="width: 50px;">0</div>
            </td>
            <td align="center" style="background-color: #eaf0f7; padding: 3px 3px 3px 0;">
               <div style="width: 50px;">11</div>
            </td>
            <td align="center"
                style="font-weight: bold; background-color: #eaf0f7; padding: 3px 3px 3px 0;">
               <div style="width: 50px;">91%</div>
            </td>
            <td style="background-color: #eaf0f7; padding: 3px 3px 3px 0;" align="center"
                nowrap="true">8m
               10s
               
            </td>
         </tr>
      </table>
      <div style="width: 200px;">
         <label for="groupMethodsCheckBox" style="font-weight: bold; margin: 0;">
            <input id="groupMethodsCheckBox" type="checkbox" onclick="switchTestMethodsView(this)"
                   checked=""></input>
            Group by class
            
         </label>
         <br></br>
         <label for="methodsFilter_ALL" style="font-weight: bold; margin: 0;">
            <input id="methodsFilter_ALL" type="checkbox"
                   onclick="testMethodsFilterChanged(this, 'ALL')"></input>
            All
            
         </label>
      </div>
      <label for="methodsFilter_FAIL" style="margin-left: 20px;">
         <input id="methodsFilter_FAIL" type="checkbox"
                onclick="testMethodsFilterChanged(this, 'FAIL')"
                checked=""></input>
         Failed
         
      </label>
      <label for="methodsFilter_PASS">
         <input id="methodsFilter_PASS" type="checkbox"
                onclick="testMethodsFilterChanged(this, 'PASS')"
                checked=""></input>
         Passed
         
      </label>
      <label for="methodsFilter_SKIP">
         <input id="methodsFilter_SKIP" type="checkbox"
                onclick="testMethodsFilterChanged(this, 'SKIP')"
                checked=""></input>
         Skipped
         
      </label>
      <label for="methodsFilter_CONF">
         <input id="methodsFilter_CONF" type="checkbox"
                onclick="testMethodsFilterChanged(this, 'CONF')"></input>
         Config
         
      </label>
      <br></br>
      <div id="testMethodsByStatus" style="display: none;">
         <table class="testMethodsTable" cellpadding="0" cellspacing="0">
            <tr class="methodsTableHeader">
               <td width="100%">Name</td>
               <td nowrap="true">Started</td>
               <td nowrap="true">Duration</td>
               <td>Exception</td>
            </tr>
            <tr id="com.obj.FileUpload.File_Upload_Test_Case_FileUpload_Test_byStatus_failed_FAIL1_row"
                class="testMethodStatusFAIL">
               <td width="100%" class="firstMethodCell">
                  <a onclick="toggleDetailsVisibility('com.obj.FileUpload.File_Upload_Test_Case_FileUpload_Test_byStatus_failed_FAIL1_details')">FileUpload_Test()</a>
               </td>
               <td nowrap="true">17:43:19</td>
               <td nowrap="true" align="right">2m
                  47s
                  
               </td>
               <td nowrap="true">
                  <a onclick="toggleDetailsVisibility('com.obj.FileUpload.File_Upload_Test_Case_FileUpload_Test_byStatus_failed_FAIL1_exception')">org.openqa.selenium.NoSuchElementException: 
                     Unable to locate element: {"method":"xpath","selector":"/html/body/div[4]/div/div/div[1]"}
                     Command duration or timeout: 10.04 seconds
                     For documentation on this error, please visit: http://seleniumhq.org/exceptions/no_such_element.html
                     Build info: version: '2.47.1', revision: '411b314', time: '2015-07-30 02:56:46'
                     System info: host: 'CHENNWL-455FT12', ip: '10.98.5.176', os.name: 'Windows 7', os.arch: 'amd64', os.version: '6.1', java.version:
                     '1.8.0_05'
                     Driver info: org.openqa.selenium.firefox.FirefoxDriver
                     Capabilities [{applicationCacheEnabled=true, rotatable=false, handlesAlerts=true, databaseEnabled=true, version=42.0, platform=WINDOWS,
                     nativeEvents=false, acceptSslCerts=true, webStorageEnabled=true, locationContextEnabled=true, browserName=firefox, takesScreenshot=true,
                     javascriptEnabled=true, cssSelectorsEnabled=true}]
                     Session ID: 099d889b-0a5f-4c25-906f-bf00ed3a3c48
                     *** Element info: {Using=xpath, value=/html/body/div[4]/div/div/div[1]}
                     
                  </a>
                   
                  
               </td>
            </tr>
            <tr>
               <td colspan="4" class="detailsBox">
                  <div id="com.obj.FileUpload.File_Upload_Test_Case_FileUpload_Test_byStatus_failed_FAIL1_details"
                       class="testMethodDetails">
                     <div>
                        <b>Name: </b>FileUpload_Test
                     </div>
                     <div>
                        <b>Signature: </b>FileUpload_Test()[pri:0, instance:com.obj.FileUpload.File_Upload_Test_Case@735f7ae5]
                     </div>
                     <div>
                        <b>Start time: </b>17:43:19
                     </div>
                     <div>
                        <b>End time: </b>17:45:06
                     </div>
                     <div>
                        <b>Duration: </b>2m
                        47s
                        
                     </div>
                  </div>
               </td>
            </tr>
            <tr>
               <td colspan="4" class="detailsBox">
                  <div id="com.obj.FileUpload.File_Upload_Test_Case_FileUpload_Test_byStatus_failed_FAIL1_exception"
                       class="testMethodDetails">
                     <pre style="padding: 5px; margin: 0;">org.openqa.selenium.NoSuchElementException: Unable to locate element: {"method":"xpath","selector":"/html/body/div[4]/div/div/div[1]"}
                        Command duration or timeout: 10.04 seconds
                        For documentation on this error, please visit: http://seleniumhq.org/exceptions/no_such_element.html
                        Build info: version: '2.47.1', revision: '411b314', time: '2015-07-30 02:56:46'
                        System info: host: 'CHENNWL-455FT12', ip: '10.98.5.176', os.name: 'Windows 7', os.arch: 'amd64', os.version: '6.1', java.version:
                        '1.8.0_05'
                        Driver info: org.openqa.selenium.firefox.FirefoxDriver
                        Capabilities [{applicationCacheEnabled=true, rotatable=false, handlesAlerts=true, databaseEnabled=true, version=42.0, platform=WINDOWS,
                        nativeEvents=false, acceptSslCerts=true, webStorageEnabled=true, locationContextEnabled=true, browserName=firefox, takesScreenshot=true,
                        javascriptEnabled=true, cssSelectorsEnabled=true}]
                        Session ID: 099d889b-0a5f-4c25-906f-bf00ed3a3c48
                        *** Element info: {Using=xpath, value=/html/body/div[4]/div/div/div[1]}
                        	at sun.reflect.NativeConstructorAccessorImpl.newInstance0(Native Method)
                        	at sun.reflect.NativeConstructorAccessorImpl.newInstance(Unknown Source)
                        	at sun.reflect.DelegatingConstructorAccessorImpl.newInstance(Unknown Source)
                        	at java.lang.reflect.Constructor.newInstance(Unknown Source)
                        	at org.openqa.selenium.remote.ErrorHandler.createThrowable(ErrorHandler.java:206)
                        	at org.openqa.selenium.remote.ErrorHandler.throwIfResponseFailed(ErrorHandler.java:158)
                        	at org.openqa.selenium.remote.RemoteWebDriver.execute(RemoteWebDriver.java:595)
                        	at org.openqa.selenium.remote.RemoteWebDriver.findElement(RemoteWebDriver.java:348)
                        	at org.openqa.selenium.remote.RemoteWebDriver.findElementByXPath(RemoteWebDriver.java:445)
                        	at org.openqa.selenium.By$ByXPath.findElement(By.java:358)
                        	at org.openqa.selenium.remote.RemoteWebDriver.findElement(RemoteWebDriver.java:340)
                        	at com.obj.Edit_Status.Edit_Status.Is_delete_Popup_Enabled(Unknown Source)
                        	at com.obj.FileUpload.File_Upload_Test_Case.FileUpload_Test(Unknown Source)
                        	at sun.reflect.NativeMethodAccessorImpl.invoke0(Native Method)
                        	at sun.reflect.NativeMethodAccessorImpl.invoke(Unknown Source)
                        	at sun.reflect.DelegatingMethodAccessorImpl.invoke(Unknown Source)
                        	at java.lang.reflect.Method.invoke(Unknown Source)
                        	at org.testng.internal.MethodInvocationHelper.invokeMethod(MethodInvocationHelper.java:84)
                        	at org.testng.internal.Invoker.invokeMethod(Invoker.java:714)
                        	at org.testng.internal.Invoker.invokeTestMethod(Invoker.java:901)
                        	at org.testng.internal.Invoker.invokeTestMethods(Invoker.java:1231)
                        	at org.testng.internal.TestMethodWorker.invokeTestMethods(TestMethodWorker.java:127)
                        	at org.testng.internal.TestMethodWorker.run(TestMethodWorker.java:111)
                        	at org.testng.TestRunner.privateRun(TestRunner.java:767)
                        	at org.testng.TestRunner.run(TestRunner.java:617)
                        	at org.testng.SuiteRunner.runTest(SuiteRunner.java:334)
                        	at org.testng.SuiteRunner.runSequentially(SuiteRunner.java:329)
                        	at org.testng.SuiteRunner.privateRun(SuiteRunner.java:291)
                        	at org.testng.SuiteRunner.run(SuiteRunner.java:240)
                        	at org.testng.SuiteRunnerWorker.runSuite(SuiteRunnerWorker.java:52)
                        	at org.testng.SuiteRunnerWorker.run(SuiteRunnerWorker.java:86)
                        	at org.testng.TestNG.runSuitesSequentially(TestNG.java:1224)
                        	at org.testng.TestNG.runSuitesLocally(TestNG.java:1149)
                        	at org.testng.TestNG.run(TestNG.java:1057)
                        	at org.testng.TestNG.privateMain(TestNG.java:1364)
                        	at org.testng.TestNG.main(TestNG.java:1333)
                        Caused by: org.openqa.selenium.NoSuchElementException: Unable to locate element: {"method":"xpath","selector":"/html/body/div[4]/div/div/div[1]"}
                        For documentation on this error, please visit: http://seleniumhq.org/exceptions/no_such_element.html
                        Build info: version: '2.47.1', revision: '411b314', time: '2015-07-30 02:56:46'
                        System info: host: 'CHENNWL-455FT12', ip: '10.98.5.176', os.name: 'Windows 7', os.arch: 'amd64', os.version: '6.1', java.version:
                        '1.8.0_05'
                        Driver info: driver.version: unknown
                        	at &lt;anonymous class&gt;.FirefoxDriver.prototype.findElementInternal_(file:///C:/Users/MRANGA~1/AppData/Local/Temp/anonymous8094218404596717548webdriver-profile/extensions/fxdriver@googlecode.com/components/driver-component.js:10667)
                        	at &lt;anonymous class&gt;.fxdriver.Timer.prototype.setTimeout/&lt;.notify(file:///C:/Users/MRANGA~1/AppData/Local/Temp/anonymous8094218404596717548webdriver-profile/extensions/fxdriver@googlecode.com/components/driver-component.js:623)
                     </pre>
                  </div>
               </td>
            </tr>
            <tr id="com.obj.TestScript.Dashboard_Status_Feed_TestScript_OpenBrowser_byStatus_passed_PASS1_row"
                class="testMethodStatusPASS testMethodStatusCONF">
               <td width="100%" class="firstMethodCell">
                  <a onclick="toggleDetailsVisibility('com.obj.TestScript.Dashboard_Status_Feed_TestScript_OpenBrowser_byStatus_passed_PASS1_details')">OpenBrowser()</a>
               </td>
               <td nowrap="true">17:41:14</td>
               <td nowrap="true" align="right">39s
                  
               </td>
               <td nowrap="true">
                   
                  
               </td>
            </tr>
            <tr>
               <td colspan="4" class="detailsBox">
                  <div id="com.obj.TestScript.Dashboard_Status_Feed_TestScript_OpenBrowser_byStatus_passed_PASS1_details"
                       class="testMethodDetails">
                     <div>
                        <b>Name: </b>OpenBrowser
                     </div>
                     <div>
                        <b>Signature: </b>OpenBrowser()[pri:0, instance:com.obj.TestScript.Dashboard_Status_Feed_TestScript@3d24753a]
                     </div>
                     <div>
                        <b>Start time: </b>17:41:14
                     </div>
                     <div>
                        <b>End time: </b>17:41:53
                     </div>
                     <div>
                        <b>Duration: </b>39s
                        
                     </div>
                  </div>
               </td>
            </tr>
            <tr></tr>
            <tr id="com.obj.TestScript.Dashboard_Status_Feed_TestScript_Dashboard_Widget_TestCase_byStatus_passed_PASS2_row"
                class="testMethodStatusPASS">
               <td width="100%" class="firstMethodCell">
                  <a onclick="toggleDetailsVisibility('com.obj.TestScript.Dashboard_Status_Feed_TestScript_Dashboard_Widget_TestCase_byStatus_passed_PASS2_details')">Dashboard_Widget_TestCase()</a>
               </td>
               <td nowrap="true">17:41:53</td>
               <td nowrap="true" align="right">42s
                  
               </td>
               <td nowrap="true">
                   
                  
               </td>
            </tr>
            <tr>
               <td colspan="4" class="detailsBox">
                  <div id="com.obj.TestScript.Dashboard_Status_Feed_TestScript_Dashboard_Widget_TestCase_byStatus_passed_PASS2_details"
                       class="testMethodDetails">
                     <div>
                        <b>Name: </b>Dashboard_Widget_TestCase
                     </div>
                     <div>
                        <b>Signature: </b>Dashboard_Widget_TestCase()[pri:0, instance:com.obj.TestScript.Dashboard_Status_Feed_TestScript@3d24753a]
                     </div>
                     <div>
                        <b>Start time: </b>17:41:53
                     </div>
                     <div>
                        <b>End time: </b>17:42:35
                     </div>
                     <div>
                        <b>Duration: </b>42s
                        
                     </div>
                  </div>
               </td>
            </tr>
            <tr></tr>
            <tr id="com.obj.TestScript.Dashboard_Status_Feed_TestScript_CloseBrowser_byStatus_passed_PASS3_row"
                class="testMethodStatusPASS testMethodStatusCONF">
               <td width="100%" class="firstMethodCell">
                  <a onclick="toggleDetailsVisibility('com.obj.TestScript.Dashboard_Status_Feed_TestScript_CloseBrowser_byStatus_passed_PASS3_details')">CloseBrowser()</a>
               </td>
               <td nowrap="true">17:42:35</td>
               <td nowrap="true" align="right">11s
                  
               </td>
               <td nowrap="true">
                   
                  
               </td>
            </tr>
            <tr>
               <td colspan="4" class="detailsBox">
                  <div id="com.obj.TestScript.Dashboard_Status_Feed_TestScript_CloseBrowser_byStatus_passed_PASS3_details"
                       class="testMethodDetails">
                     <div>
                        <b>Name: </b>CloseBrowser
                     </div>
                     <div>
                        <b>Signature: </b>CloseBrowser()[pri:0, instance:com.obj.TestScript.Dashboard_Status_Feed_TestScript@3d24753a]
                     </div>
                     <div>
                        <b>Start time: </b>17:42:35
                     </div>
                     <div>
                        <b>End time: </b>17:42:46
                     </div>
                     <div>
                        <b>Duration: </b>11s
                        
                     </div>
                  </div>
               </td>
            </tr>
            <tr></tr>
            <tr id="com.obj.FileUpload.File_Upload_Test_Case_OpenBrowser_byStatus_passed_PASS4_row"
                class="testMethodStatusPASS testMethodStatusCONF">
               <td width="100%" class="firstMethodCell">
                  <a onclick="toggleDetailsVisibility('com.obj.FileUpload.File_Upload_Test_Case_OpenBrowser_byStatus_passed_PASS4_details')">OpenBrowser()</a>
               </td>
               <td nowrap="true">17:42:46</td>
               <td nowrap="true" align="right">33s
                  
               </td>
               <td nowrap="true">
                   
                  
               </td>
            </tr>
            <tr>
               <td colspan="4" class="detailsBox">
                  <div id="com.obj.FileUpload.File_Upload_Test_Case_OpenBrowser_byStatus_passed_PASS4_details"
                       class="testMethodDetails">
                     <div>
                        <b>Name: </b>OpenBrowser
                     </div>
                     <div>
                        <b>Signature: </b>OpenBrowser()[pri:0, instance:com.obj.FileUpload.File_Upload_Test_Case@735f7ae5]
                     </div>
                     <div>
                        <b>Start time: </b>17:42:46
                     </div>
                     <div>
                        <b>End time: </b>17:43:19
                     </div>
                     <div>
                        <b>Duration: </b>33s
                        
                     </div>
                  </div>
               </td>
            </tr>
            <tr></tr>
            <tr id="com.obj.FileUpload.File_Upload_Test_Case_CloseBrowser_byStatus_passed_PASS5_row"
                class="testMethodStatusPASS testMethodStatusCONF">
               <td width="100%" class="firstMethodCell">
                  <a onclick="toggleDetailsVisibility('com.obj.FileUpload.File_Upload_Test_Case_CloseBrowser_byStatus_passed_PASS5_details')">CloseBrowser()</a>
               </td>
               <td nowrap="true">17:45:06</td>
               <td nowrap="true" align="right">10s
                  
               </td>
               <td nowrap="true">
                   
                  
               </td>
            </tr>
            <tr>
               <td colspan="4" class="detailsBox">
                  <div id="com.obj.FileUpload.File_Upload_Test_Case_CloseBrowser_byStatus_passed_PASS5_details"
                       class="testMethodDetails">
                     <div>
                        <b>Name: </b>CloseBrowser
                     </div>
                     <div>
                        <b>Signature: </b>CloseBrowser()[pri:0, instance:com.obj.FileUpload.File_Upload_Test_Case@735f7ae5]
                     </div>
                     <div>
                        <b>Start time: </b>17:45:06
                     </div>
                     <div>
                        <b>End time: </b>17:45:16
                     </div>
                     <div>
                        <b>Duration: </b>10s
                        
                     </div>
                  </div>
               </td>
            </tr>
            <tr></tr>
            <tr id="com.obj.Discussion.Discussion_Test_Case_OpenBrowser_byStatus_passed_PASS6_row"
                class="testMethodStatusPASS testMethodStatusCONF">
               <td width="100%" class="firstMethodCell">
                  <a onclick="toggleDetailsVisibility('com.obj.Discussion.Discussion_Test_Case_OpenBrowser_byStatus_passed_PASS6_details')">OpenBrowser()</a>
               </td>
               <td nowrap="true">17:45:16</td>
               <td nowrap="true" align="right">37s
                  
               </td>
               <td nowrap="true">
                   
                  
               </td>
            </tr>
            <tr>
               <td colspan="4" class="detailsBox">
                  <div id="com.obj.Discussion.Discussion_Test_Case_OpenBrowser_byStatus_passed_PASS6_details"
                       class="testMethodDetails">
                     <div>
                        <b>Name: </b>OpenBrowser
                     </div>
                     <div>
                        <b>Signature: </b>OpenBrowser()[pri:0, instance:com.obj.Discussion.Discussion_Test_Case@2ef9b8bc]
                     </div>
                     <div>
                        <b>Start time: </b>17:45:16
                     </div>
                     <div>
                        <b>End time: </b>17:45:53
                     </div>
                     <div>
                        <b>Duration: </b>37s
                        
                     </div>
                  </div>
               </td>
            </tr>
            <tr></tr>
            <tr id="com.obj.Discussion.Discussion_Test_Case_Deleting_Discussion_Replies_Test_byStatus_passed_PASS7_row"
                class="testMethodStatusPASS">
               <td width="100%" class="firstMethodCell">
                  <a onclick="toggleDetailsVisibility('com.obj.Discussion.Discussion_Test_Case_Deleting_Discussion_Replies_Test_byStatus_passed_PASS7_details')">Deleting_Discussion_Replies_Test()</a>
               </td>
               <td nowrap="true">17:45:53</td>
               <td nowrap="true" align="right">20s
                  
               </td>
               <td nowrap="true">
                   
                  
               </td>
            </tr>
            <tr>
               <td colspan="4" class="detailsBox">
                  <div id="com.obj.Discussion.Discussion_Test_Case_Deleting_Discussion_Replies_Test_byStatus_passed_PASS7_details"
                       class="testMethodDetails">
                     <div>
                        <b>Name: </b>Deleting_Discussion_Replies_Test
                     </div>
                     <div>
                        <b>Signature: </b>Deleting_Discussion_Replies_Test()[pri:0, instance:com.obj.Discussion.Discussion_Test_Case@2ef9b8bc]
                     </div>
                     <div>
                        <b>Start time: </b>17:45:53
                     </div>
                     <div>
                        <b>End time: </b>17:46:13
                     </div>
                     <div>
                        <b>Duration: </b>20s
                        
                     </div>
                  </div>
               </td>
            </tr>
            <tr></tr>
            <tr id="com.obj.Discussion.Discussion_Test_Case_Discussion_Replies_Option_Test_byStatus_passed_PASS8_row"
                class="testMethodStatusPASS">
               <td width="100%" class="firstMethodCell">
                  <a onclick="toggleDetailsVisibility('com.obj.Discussion.Discussion_Test_Case_Discussion_Replies_Option_Test_byStatus_passed_PASS8_details')">Discussion_Replies_Option_Test()</a>
               </td>
               <td nowrap="true">17:46:13</td>
               <td nowrap="true" align="right">14s
                  
               </td>
               <td nowrap="true">
                   
                  
               </td>
            </tr>
            <tr>
               <td colspan="4" class="detailsBox">
                  <div id="com.obj.Discussion.Discussion_Test_Case_Discussion_Replies_Option_Test_byStatus_passed_PASS8_details"
                       class="testMethodDetails">
                     <div>
                        <b>Name: </b>Discussion_Replies_Option_Test
                     </div>
                     <div>
                        <b>Signature: </b>Discussion_Replies_Option_Test()[pri:0, instance:com.obj.Discussion.Discussion_Test_Case@2ef9b8bc]
                     </div>
                     <div>
                        <b>Start time: </b>17:46:13
                     </div>
                     <div>
                        <b>End time: </b>17:46:27
                     </div>
                     <div>
                        <b>Duration: </b>14s
                        
                     </div>
                  </div>
               </td>
            </tr>
            <tr></tr>
            <tr id="com.obj.Discussion.Discussion_Test_Case_Discussion_Replies_test_byStatus_passed_PASS9_row"
                class="testMethodStatusPASS">
               <td width="100%" class="firstMethodCell">
                  <a onclick="toggleDetailsVisibility('com.obj.Discussion.Discussion_Test_Case_Discussion_Replies_test_byStatus_passed_PASS9_details')">Discussion_Replies_test()</a>
               </td>
               <td nowrap="true">17:46:27</td>
               <td nowrap="true" align="right">17s
                  
               </td>
               <td nowrap="true">
                   
                  
               </td>
            </tr>
            <tr>
               <td colspan="4" class="detailsBox">
                  <div id="com.obj.Discussion.Discussion_Test_Case_Discussion_Replies_test_byStatus_passed_PASS9_details"
                       class="testMethodDetails">
                     <div>
                        <b>Name: </b>Discussion_Replies_test
                     </div>
                     <div>
                        <b>Signature: </b>Discussion_Replies_test()[pri:0, instance:com.obj.Discussion.Discussion_Test_Case@2ef9b8bc]
                     </div>
                     <div>
                        <b>Start time: </b>17:46:27
                     </div>
                     <div>
                        <b>End time: </b>17:46:44
                     </div>
                     <div>
                        <b>Duration: </b>17s
                        
                     </div>
                  </div>
               </td>
            </tr>
            <tr></tr>
            <tr id="com.obj.Discussion.Discussion_Test_Case_Editing_Discussion_Replies_Test_byStatus_passed_PASS10_row"
                class="testMethodStatusPASS">
               <td width="100%" class="firstMethodCell">
                  <a onclick="toggleDetailsVisibility('com.obj.Discussion.Discussion_Test_Case_Editing_Discussion_Replies_Test_byStatus_passed_PASS10_details')">Editing_Discussion_Replies_Test()</a>
               </td>
               <td nowrap="true">17:46:44</td>
               <td nowrap="true" align="right">20s
                  
               </td>
               <td nowrap="true">
                   
                  
               </td>
            </tr>
            <tr>
               <td colspan="4" class="detailsBox">
                  <div id="com.obj.Discussion.Discussion_Test_Case_Editing_Discussion_Replies_Test_byStatus_passed_PASS10_details"
                       class="testMethodDetails">
                     <div>
                        <b>Name: </b>Editing_Discussion_Replies_Test
                     </div>
                     <div>
                        <b>Signature: </b>Editing_Discussion_Replies_Test()[pri:0, instance:com.obj.Discussion.Discussion_Test_Case@2ef9b8bc]
                     </div>
                     <div>
                        <b>Start time: </b>17:46:44
                     </div>
                     <div>
                        <b>End time: </b>17:47:04
                     </div>
                     <div>
                        <b>Duration: </b>20s
                        
                     </div>
                  </div>
               </td>
            </tr>
            <tr></tr>
            <tr id="com.obj.Discussion.Discussion_Test_Case_Navigate_To_Discussion_Page_Test_byStatus_passed_PASS11_row"
                class="testMethodStatusPASS">
               <td width="100%" class="firstMethodCell">
                  <a onclick="toggleDetailsVisibility('com.obj.Discussion.Discussion_Test_Case_Navigate_To_Discussion_Page_Test_byStatus_passed_PASS11_details')">Navigate_To_Discussion_Page_Test()</a>
               </td>
               <td nowrap="true">17:47:04</td>
               <td nowrap="true" align="right">3s
                  
               </td>
               <td nowrap="true">
                   
                  
               </td>
            </tr>
            <tr>
               <td colspan="4" class="detailsBox">
                  <div id="com.obj.Discussion.Discussion_Test_Case_Navigate_To_Discussion_Page_Test_byStatus_passed_PASS11_details"
                       class="testMethodDetails">
                     <div>
                        <b>Name: </b>Navigate_To_Discussion_Page_Test
                     </div>
                     <div>
                        <b>Signature: </b>Navigate_To_Discussion_Page_Test()[pri:0, instance:com.obj.Discussion.Discussion_Test_Case@2ef9b8bc]
                     </div>
                     <div>
                        <b>Start time: </b>17:47:04
                     </div>
                     <div>
                        <b>End time: </b>17:47:07
                     </div>
                     <div>
                        <b>Duration: </b>3s
                        
                     </div>
                  </div>
               </td>
            </tr>
            <tr></tr>
            <tr id="com.obj.Discussion.Discussion_Test_Case_filtering_Unfiltering_Discussion_Test_byStatus_passed_PASS12_row"
                class="testMethodStatusPASS">
               <td width="100%" class="firstMethodCell">
                  <a onclick="toggleDetailsVisibility('com.obj.Discussion.Discussion_Test_Case_filtering_Unfiltering_Discussion_Test_byStatus_passed_PASS12_details')">filtering_Unfiltering_Discussion_Test()</a>
               </td>
               <td nowrap="true">17:47:07</td>
               <td nowrap="true" align="right">3s
                  
               </td>
               <td nowrap="true">
                   
                  
               </td>
            </tr>
            <tr>
               <td colspan="4" class="detailsBox">
                  <div id="com.obj.Discussion.Discussion_Test_Case_filtering_Unfiltering_Discussion_Test_byStatus_passed_PASS12_details"
                       class="testMethodDetails">
                     <div>
                        <b>Name: </b>filtering_Unfiltering_Discussion_Test
                     </div>
                     <div>
                        <b>Signature: </b>filtering_Unfiltering_Discussion_Test()[pri:0, instance:com.obj.Discussion.Discussion_Test_Case@2ef9b8bc]
                     </div>
                     <div>
                        <b>Start time: </b>17:47:07
                     </div>
                     <div>
                        <b>End time: </b>17:47:10
                     </div>
                     <div>
                        <b>Duration: </b>3s
                        
                     </div>
                  </div>
               </td>
            </tr>
            <tr></tr>
            <tr id="com.obj.Discussion.Discussion_Test_Case_CloseBrowser_byStatus_passed_PASS13_row"
                class="testMethodStatusPASS testMethodStatusCONF">
               <td width="100%" class="firstMethodCell">
                  <a onclick="toggleDetailsVisibility('com.obj.Discussion.Discussion_Test_Case_CloseBrowser_byStatus_passed_PASS13_details')">CloseBrowser()</a>
               </td>
               <td nowrap="true">17:47:10</td>
               <td nowrap="true" align="right">11s
                  
               </td>
               <td nowrap="true">
                   
                  
               </td>
            </tr>
            <tr>
               <td colspan="4" class="detailsBox">
                  <div id="com.obj.Discussion.Discussion_Test_Case_CloseBrowser_byStatus_passed_PASS13_details"
                       class="testMethodDetails">
                     <div>
                        <b>Name: </b>CloseBrowser
                     </div>
                     <div>
                        <b>Signature: </b>CloseBrowser()[pri:0, instance:com.obj.Discussion.Discussion_Test_Case@2ef9b8bc]
                     </div>
                     <div>
                        <b>Start time: </b>17:47:10
                     </div>
                     <div>
                        <b>End time: </b>17:47:21
                     </div>
                     <div>
                        <b>Duration: </b>11s
                        
                     </div>
                  </div>
               </td>
            </tr>
            <tr></tr>
            <tr id="com.obj.About.About_Test_Case_OpenBrowser_byStatus_passed_PASS14_row"
                class="testMethodStatusPASS testMethodStatusCONF">
               <td width="100%" class="firstMethodCell">
                  <a onclick="toggleDetailsVisibility('com.obj.About.About_Test_Case_OpenBrowser_byStatus_passed_PASS14_details')">OpenBrowser()</a>
               </td>
               <td nowrap="true">17:47:21</td>
               <td nowrap="true" align="right">48s
                  
               </td>
               <td nowrap="true">
                   
                  
               </td>
            </tr>
            <tr>
               <td colspan="4" class="detailsBox">
                  <div id="com.obj.About.About_Test_Case_OpenBrowser_byStatus_passed_PASS14_details"
                       class="testMethodDetails">
                     <div>
                        <b>Name: </b>OpenBrowser
                     </div>
                     <div>
                        <b>Signature: </b>OpenBrowser()[pri:0, instance:com.obj.About.About_Test_Case@614c5515]
                     </div>
                     <div>
                        <b>Start time: </b>17:47:21
                     </div>
                     <div>
                        <b>End time: </b>17:48:09
                     </div>
                     <div>
                        <b>Duration: </b>48s
                        
                     </div>
                  </div>
               </td>
            </tr>
            <tr></tr>
            <tr id="com.obj.About.About_Test_Case_About_Me_Test_byStatus_passed_PASS15_row"
                class="testMethodStatusPASS">
               <td width="100%" class="firstMethodCell">
                  <a onclick="toggleDetailsVisibility('com.obj.About.About_Test_Case_About_Me_Test_byStatus_passed_PASS15_details')">About_Me_Test()</a>
               </td>
               <td nowrap="true">17:48:09</td>
               <td nowrap="true" align="right">28s
                  
               </td>
               <td nowrap="true">
                   
                  
               </td>
            </tr>
            <tr>
               <td colspan="4" class="detailsBox">
                  <div id="com.obj.About.About_Test_Case_About_Me_Test_byStatus_passed_PASS15_details"
                       class="testMethodDetails">
                     <div>
                        <b>Name: </b>About_Me_Test
                     </div>
                     <div>
                        <b>Signature: </b>About_Me_Test()[pri:0, instance:com.obj.About.About_Test_Case@614c5515]
                     </div>
                     <div>
                        <b>Start time: </b>17:48:09
                     </div>
                     <div>
                        <b>End time: </b>17:48:37
                     </div>
                     <div>
                        <b>Duration: </b>28s
                        
                     </div>
                  </div>
               </td>
            </tr>
            <tr></tr>
            <tr id="com.obj.About.About_Test_Case_Navigate_To_About_byStatus_passed_PASS16_row"
                class="testMethodStatusPASS">
               <td width="100%" class="firstMethodCell">
                  <a onclick="toggleDetailsVisibility('com.obj.About.About_Test_Case_Navigate_To_About_byStatus_passed_PASS16_details')">Navigate_To_About()</a>
               </td>
               <td nowrap="true">17:48:37</td>
               <td nowrap="true" align="right">5s
                  
               </td>
               <td nowrap="true">
                   
                  
               </td>
            </tr>
            <tr>
               <td colspan="4" class="detailsBox">
                  <div id="com.obj.About.About_Test_Case_Navigate_To_About_byStatus_passed_PASS16_details"
                       class="testMethodDetails">
                     <div>
                        <b>Name: </b>Navigate_To_About
                     </div>
                     <div>
                        <b>Signature: </b>Navigate_To_About()[pri:0, instance:com.obj.About.About_Test_Case@614c5515]
                     </div>
                     <div>
                        <b>Start time: </b>17:48:37
                     </div>
                     <div>
                        <b>End time: </b>17:48:42
                     </div>
                     <div>
                        <b>Duration: </b>5s
                        
                     </div>
                  </div>
               </td>
            </tr>
            <tr></tr>
            <tr id="com.obj.About.About_Test_Case_Profile_Basic_Information_In_About_byStatus_passed_PASS17_row"
                class="testMethodStatusPASS">
               <td width="100%" class="firstMethodCell">
                  <a onclick="toggleDetailsVisibility('com.obj.About.About_Test_Case_Profile_Basic_Information_In_About_byStatus_passed_PASS17_details')">Profile_Basic_Information_In_About()</a>
               </td>
               <td nowrap="true">17:48:42</td>
               <td nowrap="true" align="right">31s
                  
               </td>
               <td nowrap="true">
                   
                  
               </td>
            </tr>
            <tr>
               <td colspan="4" class="detailsBox">
                  <div id="com.obj.About.About_Test_Case_Profile_Basic_Information_In_About_byStatus_passed_PASS17_details"
                       class="testMethodDetails">
                     <div>
                        <b>Name: </b>Profile_Basic_Information_In_About
                     </div>
                     <div>
                        <b>Signature: </b>Profile_Basic_Information_In_About()[pri:0, instance:com.obj.About.About_Test_Case@614c5515]
                     </div>
                     <div>
                        <b>Start time: </b>17:48:42
                     </div>
                     <div>
                        <b>End time: </b>17:49:13
                     </div>
                     <div>
                        <b>Duration: </b>31s
                        
                     </div>
                  </div>
               </td>
            </tr>
            <tr></tr>
            <tr id="com.obj.About.About_Test_Case_CloseBrowser_byStatus_passed_PASS18_row"
                class="testMethodStatusPASS testMethodStatusCONF">
               <td width="100%" class="firstMethodCell">
                  <a onclick="toggleDetailsVisibility('com.obj.About.About_Test_Case_CloseBrowser_byStatus_passed_PASS18_details')">CloseBrowser()</a>
               </td>
               <td nowrap="true">17:49:13</td>
               <td nowrap="true" align="right">11s
                  
               </td>
               <td nowrap="true">
                   
                  
               </td>
            </tr>
            <tr>
               <td colspan="4" class="detailsBox">
                  <div id="com.obj.About.About_Test_Case_CloseBrowser_byStatus_passed_PASS18_details"
                       class="testMethodDetails">
                     <div>
                        <b>Name: </b>CloseBrowser
                     </div>
                     <div>
                        <b>Signature: </b>CloseBrowser()[pri:0, instance:com.obj.About.About_Test_Case@614c5515]
                     </div>
                     <div>
                        <b>Start time: </b>17:49:13
                     </div>
                     <div>
                        <b>End time: </b>17:49:24
                     </div>
                     <div>
                        <b>Duration: </b>11s
                        
                     </div>
                  </div>
               </td>
            </tr>
            <tr></tr>
         </table>
      </div>
      <div id="testMethodsByClass">
         <table class="testMethodsTable" cellpadding="0" cellspacing="0">
            <tr>
               <td colspan="4">
                  <h3 style="display: inline;">com.obj.About.About_Test_Case</h3>
               </td>
            </tr>
            <tr class="methodsTableHeader">
               <td width="100%">Name</td>
               <td nowrap="true">Started</td>
               <td nowrap="true">Duration</td>
               <td>Exception</td>
            </tr>
            <tr id="com.obj.About.About_Test_Case_OpenBrowser_byClass_PASS1_row"
                class="testMethodStatusPASS testMethodStatusCONF">
               <td width="100%" class="firstMethodCell">
                  <a onclick="toggleDetailsVisibility('com.obj.About.About_Test_Case_OpenBrowser_byClass_PASS1_details')">OpenBrowser()</a>
               </td>
               <td nowrap="true">17:47:21</td>
               <td nowrap="true" align="right">48s
                  
               </td>
               <td nowrap="true">
                   
                  
               </td>
            </tr>
            <tr>
               <td colspan="4" class="detailsBox">
                  <div id="com.obj.About.About_Test_Case_OpenBrowser_byClass_PASS1_details"
                       class="testMethodDetails">
                     <div>
                        <b>Name: </b>OpenBrowser
                     </div>
                     <div>
                        <b>Signature: </b>OpenBrowser()[pri:0, instance:com.obj.About.About_Test_Case@614c5515]
                     </div>
                     <div>
                        <b>Start time: </b>17:47:21
                     </div>
                     <div>
                        <b>End time: </b>17:48:09
                     </div>
                     <div>
                        <b>Duration: </b>48s
                        
                     </div>
                  </div>
               </td>
            </tr>
            <tr></tr>
            <tr id="com.obj.About.About_Test_Case_About_Me_Test_byClass_PASS2_row"
                class="testMethodStatusPASS">
               <td width="100%" class="firstMethodCell">
                  <a onclick="toggleDetailsVisibility('com.obj.About.About_Test_Case_About_Me_Test_byClass_PASS2_details')">About_Me_Test()</a>
               </td>
               <td nowrap="true">17:48:09</td>
               <td nowrap="true" align="right">28s
                  
               </td>
               <td nowrap="true">
                   
                  
               </td>
            </tr>
            <tr>
               <td colspan="4" class="detailsBox">
                  <div id="com.obj.About.About_Test_Case_About_Me_Test_byClass_PASS2_details"
                       class="testMethodDetails">
                     <div>
                        <b>Name: </b>About_Me_Test
                     </div>
                     <div>
                        <b>Signature: </b>About_Me_Test()[pri:0, instance:com.obj.About.About_Test_Case@614c5515]
                     </div>
                     <div>
                        <b>Start time: </b>17:48:09
                     </div>
                     <div>
                        <b>End time: </b>17:48:37
                     </div>
                     <div>
                        <b>Duration: </b>28s
                        
                     </div>
                  </div>
               </td>
            </tr>
            <tr></tr>
            <tr id="com.obj.About.About_Test_Case_Navigate_To_About_byClass_PASS3_row"
                class="testMethodStatusPASS">
               <td width="100%" class="firstMethodCell">
                  <a onclick="toggleDetailsVisibility('com.obj.About.About_Test_Case_Navigate_To_About_byClass_PASS3_details')">Navigate_To_About()</a>
               </td>
               <td nowrap="true">17:48:37</td>
               <td nowrap="true" align="right">5s
                  
               </td>
               <td nowrap="true">
                   
                  
               </td>
            </tr>
            <tr>
               <td colspan="4" class="detailsBox">
                  <div id="com.obj.About.About_Test_Case_Navigate_To_About_byClass_PASS3_details"
                       class="testMethodDetails">
                     <div>
                        <b>Name: </b>Navigate_To_About
                     </div>
                     <div>
                        <b>Signature: </b>Navigate_To_About()[pri:0, instance:com.obj.About.About_Test_Case@614c5515]
                     </div>
                     <div>
                        <b>Start time: </b>17:48:37
                     </div>
                     <div>
                        <b>End time: </b>17:48:42
                     </div>
                     <div>
                        <b>Duration: </b>5s
                        
                     </div>
                  </div>
               </td>
            </tr>
            <tr></tr>
            <tr id="com.obj.About.About_Test_Case_Profile_Basic_Information_In_About_byClass_PASS4_row"
                class="testMethodStatusPASS">
               <td width="100%" class="firstMethodCell">
                  <a onclick="toggleDetailsVisibility('com.obj.About.About_Test_Case_Profile_Basic_Information_In_About_byClass_PASS4_details')">Profile_Basic_Information_In_About()</a>
               </td>
               <td nowrap="true">17:48:42</td>
               <td nowrap="true" align="right">31s
                  
               </td>
               <td nowrap="true">
                   
                  
               </td>
            </tr>
            <tr>
               <td colspan="4" class="detailsBox">
                  <div id="com.obj.About.About_Test_Case_Profile_Basic_Information_In_About_byClass_PASS4_details"
                       class="testMethodDetails">
                     <div>
                        <b>Name: </b>Profile_Basic_Information_In_About
                     </div>
                     <div>
                        <b>Signature: </b>Profile_Basic_Information_In_About()[pri:0, instance:com.obj.About.About_Test_Case@614c5515]
                     </div>
                     <div>
                        <b>Start time: </b>17:48:42
                     </div>
                     <div>
                        <b>End time: </b>17:49:13
                     </div>
                     <div>
                        <b>Duration: </b>31s
                        
                     </div>
                  </div>
               </td>
            </tr>
            <tr></tr>
            <tr id="com.obj.About.About_Test_Case_CloseBrowser_byClass_PASS5_row"
                class="testMethodStatusPASS testMethodStatusCONF">
               <td width="100%" class="firstMethodCell">
                  <a onclick="toggleDetailsVisibility('com.obj.About.About_Test_Case_CloseBrowser_byClass_PASS5_details')">CloseBrowser()</a>
               </td>
               <td nowrap="true">17:49:13</td>
               <td nowrap="true" align="right">11s
                  
               </td>
               <td nowrap="true">
                   
                  
               </td>
            </tr>
            <tr>
               <td colspan="4" class="detailsBox">
                  <div id="com.obj.About.About_Test_Case_CloseBrowser_byClass_PASS5_details"
                       class="testMethodDetails">
                     <div>
                        <b>Name: </b>CloseBrowser
                     </div>
                     <div>
                        <b>Signature: </b>CloseBrowser()[pri:0, instance:com.obj.About.About_Test_Case@614c5515]
                     </div>
                     <div>
                        <b>Start time: </b>17:49:13
                     </div>
                     <div>
                        <b>End time: </b>17:49:24
                     </div>
                     <div>
                        <b>Duration: </b>11s
                        
                     </div>
                  </div>
               </td>
            </tr>
            <tr></tr>
         </table>
         <br></br>
         <table class="testMethodsTable" cellpadding="0" cellspacing="0">
            <tr>
               <td colspan="4">
                  <h3 style="display: inline;">com.obj.Discussion.Discussion_Test_Case</h3>
               </td>
            </tr>
            <tr class="methodsTableHeader">
               <td width="100%">Name</td>
               <td nowrap="true">Started</td>
               <td nowrap="true">Duration</td>
               <td>Exception</td>
            </tr>
            <tr id="com.obj.Discussion.Discussion_Test_Case_OpenBrowser_byClass_PASS1_row"
                class="testMethodStatusPASS testMethodStatusCONF">
               <td width="100%" class="firstMethodCell">
                  <a onclick="toggleDetailsVisibility('com.obj.Discussion.Discussion_Test_Case_OpenBrowser_byClass_PASS1_details')">OpenBrowser()</a>
               </td>
               <td nowrap="true">17:45:16</td>
               <td nowrap="true" align="right">37s
                  
               </td>
               <td nowrap="true">
                   
                  
               </td>
            </tr>
            <tr>
               <td colspan="4" class="detailsBox">
                  <div id="com.obj.Discussion.Discussion_Test_Case_OpenBrowser_byClass_PASS1_details"
                       class="testMethodDetails">
                     <div>
                        <b>Name: </b>OpenBrowser
                     </div>
                     <div>
                        <b>Signature: </b>OpenBrowser()[pri:0, instance:com.obj.Discussion.Discussion_Test_Case@2ef9b8bc]
                     </div>
                     <div>
                        <b>Start time: </b>17:45:16
                     </div>
                     <div>
                        <b>End time: </b>17:45:53
                     </div>
                     <div>
                        <b>Duration: </b>37s
                        
                     </div>
                  </div>
               </td>
            </tr>
            <tr></tr>
            <tr id="com.obj.Discussion.Discussion_Test_Case_Deleting_Discussion_Replies_Test_byClass_PASS2_row"
                class="testMethodStatusPASS">
               <td width="100%" class="firstMethodCell">
                  <a onclick="toggleDetailsVisibility('com.obj.Discussion.Discussion_Test_Case_Deleting_Discussion_Replies_Test_byClass_PASS2_details')">Deleting_Discussion_Replies_Test()</a>
               </td>
               <td nowrap="true">17:45:53</td>
               <td nowrap="true" align="right">20s
                  
               </td>
               <td nowrap="true">
                   
                  
               </td>
            </tr>
            <tr>
               <td colspan="4" class="detailsBox">
                  <div id="com.obj.Discussion.Discussion_Test_Case_Deleting_Discussion_Replies_Test_byClass_PASS2_details"
                       class="testMethodDetails">
                     <div>
                        <b>Name: </b>Deleting_Discussion_Replies_Test
                     </div>
                     <div>
                        <b>Signature: </b>Deleting_Discussion_Replies_Test()[pri:0, instance:com.obj.Discussion.Discussion_Test_Case@2ef9b8bc]
                     </div>
                     <div>
                        <b>Start time: </b>17:45:53
                     </div>
                     <div>
                        <b>End time: </b>17:46:13
                     </div>
                     <div>
                        <b>Duration: </b>20s
                        
                     </div>
                  </div>
               </td>
            </tr>
            <tr></tr>
            <tr id="com.obj.Discussion.Discussion_Test_Case_Discussion_Replies_Option_Test_byClass_PASS3_row"
                class="testMethodStatusPASS">
               <td width="100%" class="firstMethodCell">
                  <a onclick="toggleDetailsVisibility('com.obj.Discussion.Discussion_Test_Case_Discussion_Replies_Option_Test_byClass_PASS3_details')">Discussion_Replies_Option_Test()</a>
               </td>
               <td nowrap="true">17:46:13</td>
               <td nowrap="true" align="right">14s
                  
               </td>
               <td nowrap="true">
                   
                  
               </td>
            </tr>
            <tr>
               <td colspan="4" class="detailsBox">
                  <div id="com.obj.Discussion.Discussion_Test_Case_Discussion_Replies_Option_Test_byClass_PASS3_details"
                       class="testMethodDetails">
                     <div>
                        <b>Name: </b>Discussion_Replies_Option_Test
                     </div>
                     <div>
                        <b>Signature: </b>Discussion_Replies_Option_Test()[pri:0, instance:com.obj.Discussion.Discussion_Test_Case@2ef9b8bc]
                     </div>
                     <div>
                        <b>Start time: </b>17:46:13
                     </div>
                     <div>
                        <b>End time: </b>17:46:27
                     </div>
                     <div>
                        <b>Duration: </b>14s
                        
                     </div>
                  </div>
               </td>
            </tr>
            <tr></tr>
            <tr id="com.obj.Discussion.Discussion_Test_Case_Discussion_Replies_test_byClass_PASS4_row"
                class="testMethodStatusPASS">
               <td width="100%" class="firstMethodCell">
                  <a onclick="toggleDetailsVisibility('com.obj.Discussion.Discussion_Test_Case_Discussion_Replies_test_byClass_PASS4_details')">Discussion_Replies_test()</a>
               </td>
               <td nowrap="true">17:46:27</td>
               <td nowrap="true" align="right">17s
                  
               </td>
               <td nowrap="true">
                   
                  
               </td>
            </tr>
            <tr>
               <td colspan="4" class="detailsBox">
                  <div id="com.obj.Discussion.Discussion_Test_Case_Discussion_Replies_test_byClass_PASS4_details"
                       class="testMethodDetails">
                     <div>
                        <b>Name: </b>Discussion_Replies_test
                     </div>
                     <div>
                        <b>Signature: </b>Discussion_Replies_test()[pri:0, instance:com.obj.Discussion.Discussion_Test_Case@2ef9b8bc]
                     </div>
                     <div>
                        <b>Start time: </b>17:46:27
                     </div>
                     <div>
                        <b>End time: </b>17:46:44
                     </div>
                     <div>
                        <b>Duration: </b>17s
                        
                     </div>
                  </div>
               </td>
            </tr>
            <tr></tr>
            <tr id="com.obj.Discussion.Discussion_Test_Case_Editing_Discussion_Replies_Test_byClass_PASS5_row"
                class="testMethodStatusPASS">
               <td width="100%" class="firstMethodCell">
                  <a onclick="toggleDetailsVisibility('com.obj.Discussion.Discussion_Test_Case_Editing_Discussion_Replies_Test_byClass_PASS5_details')">Editing_Discussion_Replies_Test()</a>
               </td>
               <td nowrap="true">17:46:44</td>
               <td nowrap="true" align="right">20s
                  
               </td>
               <td nowrap="true">
                   
                  
               </td>
            </tr>
            <tr>
               <td colspan="4" class="detailsBox">
                  <div id="com.obj.Discussion.Discussion_Test_Case_Editing_Discussion_Replies_Test_byClass_PASS5_details"
                       class="testMethodDetails">
                     <div>
                        <b>Name: </b>Editing_Discussion_Replies_Test
                     </div>
                     <div>
                        <b>Signature: </b>Editing_Discussion_Replies_Test()[pri:0, instance:com.obj.Discussion.Discussion_Test_Case@2ef9b8bc]
                     </div>
                     <div>
                        <b>Start time: </b>17:46:44
                     </div>
                     <div>
                        <b>End time: </b>17:47:04
                     </div>
                     <div>
                        <b>Duration: </b>20s
                        
                     </div>
                  </div>
               </td>
            </tr>
            <tr></tr>
            <tr id="com.obj.Discussion.Discussion_Test_Case_Navigate_To_Discussion_Page_Test_byClass_PASS6_row"
                class="testMethodStatusPASS">
               <td width="100%" class="firstMethodCell">
                  <a onclick="toggleDetailsVisibility('com.obj.Discussion.Discussion_Test_Case_Navigate_To_Discussion_Page_Test_byClass_PASS6_details')">Navigate_To_Discussion_Page_Test()</a>
               </td>
               <td nowrap="true">17:47:04</td>
               <td nowrap="true" align="right">3s
                  
               </td>
               <td nowrap="true">
                   
                  
               </td>
            </tr>
            <tr>
               <td colspan="4" class="detailsBox">
                  <div id="com.obj.Discussion.Discussion_Test_Case_Navigate_To_Discussion_Page_Test_byClass_PASS6_details"
                       class="testMethodDetails">
                     <div>
                        <b>Name: </b>Navigate_To_Discussion_Page_Test
                     </div>
                     <div>
                        <b>Signature: </b>Navigate_To_Discussion_Page_Test()[pri:0, instance:com.obj.Discussion.Discussion_Test_Case@2ef9b8bc]
                     </div>
                     <div>
                        <b>Start time: </b>17:47:04
                     </div>
                     <div>
                        <b>End time: </b>17:47:07
                     </div>
                     <div>
                        <b>Duration: </b>3s
                        
                     </div>
                  </div>
               </td>
            </tr>
            <tr></tr>
            <tr id="com.obj.Discussion.Discussion_Test_Case_filtering_Unfiltering_Discussion_Test_byClass_PASS7_row"
                class="testMethodStatusPASS">
               <td width="100%" class="firstMethodCell">
                  <a onclick="toggleDetailsVisibility('com.obj.Discussion.Discussion_Test_Case_filtering_Unfiltering_Discussion_Test_byClass_PASS7_details')">filtering_Unfiltering_Discussion_Test()</a>
               </td>
               <td nowrap="true">17:47:07</td>
               <td nowrap="true" align="right">3s
                  
               </td>
               <td nowrap="true">
                   
                  
               </td>
            </tr>
            <tr>
               <td colspan="4" class="detailsBox">
                  <div id="com.obj.Discussion.Discussion_Test_Case_filtering_Unfiltering_Discussion_Test_byClass_PASS7_details"
                       class="testMethodDetails">
                     <div>
                        <b>Name: </b>filtering_Unfiltering_Discussion_Test
                     </div>
                     <div>
                        <b>Signature: </b>filtering_Unfiltering_Discussion_Test()[pri:0, instance:com.obj.Discussion.Discussion_Test_Case@2ef9b8bc]
                     </div>
                     <div>
                        <b>Start time: </b>17:47:07
                     </div>
                     <div>
                        <b>End time: </b>17:47:10
                     </div>
                     <div>
                        <b>Duration: </b>3s
                        
                     </div>
                  </div>
               </td>
            </tr>
            <tr></tr>
            <tr id="com.obj.Discussion.Discussion_Test_Case_CloseBrowser_byClass_PASS8_row"
                class="testMethodStatusPASS testMethodStatusCONF">
               <td width="100%" class="firstMethodCell">
                  <a onclick="toggleDetailsVisibility('com.obj.Discussion.Discussion_Test_Case_CloseBrowser_byClass_PASS8_details')">CloseBrowser()</a>
               </td>
               <td nowrap="true">17:47:10</td>
               <td nowrap="true" align="right">11s
                  
               </td>
               <td nowrap="true">
                   
                  
               </td>
            </tr>
            <tr>
               <td colspan="4" class="detailsBox">
                  <div id="com.obj.Discussion.Discussion_Test_Case_CloseBrowser_byClass_PASS8_details"
                       class="testMethodDetails">
                     <div>
                        <b>Name: </b>CloseBrowser
                     </div>
                     <div>
                        <b>Signature: </b>CloseBrowser()[pri:0, instance:com.obj.Discussion.Discussion_Test_Case@2ef9b8bc]
                     </div>
                     <div>
                        <b>Start time: </b>17:47:10
                     </div>
                     <div>
                        <b>End time: </b>17:47:21
                     </div>
                     <div>
                        <b>Duration: </b>11s
                        
                     </div>
                  </div>
               </td>
            </tr>
            <tr></tr>
         </table>
         <br></br>
         <table class="testMethodsTable" cellpadding="0" cellspacing="0">
            <tr>
               <td colspan="4">
                  <h3 style="display: inline;">com.obj.FileUpload.File_Upload_Test_Case</h3>
               </td>
            </tr>
            <tr class="methodsTableHeader">
               <td width="100%">Name</td>
               <td nowrap="true">Started</td>
               <td nowrap="true">Duration</td>
               <td>Exception</td>
            </tr>
            <tr id="com.obj.FileUpload.File_Upload_Test_Case_OpenBrowser_byClass_PASS1_row"
                class="testMethodStatusPASS testMethodStatusCONF">
               <td width="100%" class="firstMethodCell">
                  <a onclick="toggleDetailsVisibility('com.obj.FileUpload.File_Upload_Test_Case_OpenBrowser_byClass_PASS1_details')">OpenBrowser()</a>
               </td>
               <td nowrap="true">17:42:46</td>
               <td nowrap="true" align="right">33s
                  
               </td>
               <td nowrap="true">
                   
                  
               </td>
            </tr>
            <tr>
               <td colspan="4" class="detailsBox">
                  <div id="com.obj.FileUpload.File_Upload_Test_Case_OpenBrowser_byClass_PASS1_details"
                       class="testMethodDetails">
                     <div>
                        <b>Name: </b>OpenBrowser
                     </div>
                     <div>
                        <b>Signature: </b>OpenBrowser()[pri:0, instance:com.obj.FileUpload.File_Upload_Test_Case@735f7ae5]
                     </div>
                     <div>
                        <b>Start time: </b>17:42:46
                     </div>
                     <div>
                        <b>End time: </b>17:43:19
                     </div>
                     <div>
                        <b>Duration: </b>33s
                        
                     </div>
                  </div>
               </td>
            </tr>
            <tr></tr>
            <tr id="com.obj.FileUpload.File_Upload_Test_Case_FileUpload_Test_byClass_FAIL2_row"
                class="testMethodStatusFAIL">
               <td width="100%" class="firstMethodCell">
                  <a onclick="toggleDetailsVisibility('com.obj.FileUpload.File_Upload_Test_Case_FileUpload_Test_byClass_FAIL2_details')">FileUpload_Test()</a>
               </td>
               <td nowrap="true">17:43:19</td>
               <td nowrap="true" align="right">2m
                  47s
                  
               </td>
               <td nowrap="true">
                  <a onclick="toggleDetailsVisibility('com.obj.FileUpload.File_Upload_Test_Case_FileUpload_Test_byClass_FAIL2_exception')">org.openqa.selenium.NoSuchElementException: 
                     Unable to locate element: {"method":"xpath","selector":"/html/body/div[4]/div/div/div[1]"}
                     Command duration or timeout: 10.04 seconds
                     For documentation on this error, please visit: http://seleniumhq.org/exceptions/no_such_element.html
                     Build info: version: '2.47.1', revision: '411b314', time: '2015-07-30 02:56:46'
                     System info: host: 'CHENNWL-455FT12', ip: '10.98.5.176', os.name: 'Windows 7', os.arch: 'amd64', os.version: '6.1', java.version:
                     '1.8.0_05'
                     Driver info: org.openqa.selenium.firefox.FirefoxDriver
                     Capabilities [{applicationCacheEnabled=true, rotatable=false, handlesAlerts=true, databaseEnabled=true, version=42.0, platform=WINDOWS,
                     nativeEvents=false, acceptSslCerts=true, webStorageEnabled=true, locationContextEnabled=true, browserName=firefox, takesScreenshot=true,
                     javascriptEnabled=true, cssSelectorsEnabled=true}]
                     Session ID: 099d889b-0a5f-4c25-906f-bf00ed3a3c48
                     *** Element info: {Using=xpath, value=/html/body/div[4]/div/div/div[1]}
                     
                  </a>
                   
                  
               </td>
            </tr>
            <tr>
               <td colspan="4" class="detailsBox">
                  <div id="com.obj.FileUpload.File_Upload_Test_Case_FileUpload_Test_byClass_FAIL2_details"
                       class="testMethodDetails">
                     <div>
                        <b>Name: </b>FileUpload_Test
                     </div>
                     <div>
                        <b>Signature: </b>FileUpload_Test()[pri:0, instance:com.obj.FileUpload.File_Upload_Test_Case@735f7ae5]
                     </div>
                     <div>
                        <b>Start time: </b>17:43:19
                     </div>
                     <div>
                        <b>End time: </b>17:45:06
                     </div>
                     <div>
                        <b>Duration: </b>2m
                        47s
                        
                     </div>
                  </div>
               </td>
            </tr>
            <tr>
               <td colspan="4" class="detailsBox">
                  <div id="com.obj.FileUpload.File_Upload_Test_Case_FileUpload_Test_byClass_FAIL2_exception"
                       class="testMethodDetails">
                     <pre style="padding: 5px; margin: 0;">org.openqa.selenium.NoSuchElementException: Unable to locate element: {"method":"xpath","selector":"/html/body/div[4]/div/div/div[1]"}
                        Command duration or timeout: 10.04 seconds
                        For documentation on this error, please visit: http://seleniumhq.org/exceptions/no_such_element.html
                        Build info: version: '2.47.1', revision: '411b314', time: '2015-07-30 02:56:46'
                        System info: host: 'CHENNWL-455FT12', ip: '10.98.5.176', os.name: 'Windows 7', os.arch: 'amd64', os.version: '6.1', java.version:
                        '1.8.0_05'
                        Driver info: org.openqa.selenium.firefox.FirefoxDriver
                        Capabilities [{applicationCacheEnabled=true, rotatable=false, handlesAlerts=true, databaseEnabled=true, version=42.0, platform=WINDOWS,
                        nativeEvents=false, acceptSslCerts=true, webStorageEnabled=true, locationContextEnabled=true, browserName=firefox, takesScreenshot=true,
                        javascriptEnabled=true, cssSelectorsEnabled=true}]
                        Session ID: 099d889b-0a5f-4c25-906f-bf00ed3a3c48
                        *** Element info: {Using=xpath, value=/html/body/div[4]/div/div/div[1]}
                        	at sun.reflect.NativeConstructorAccessorImpl.newInstance0(Native Method)
                        	at sun.reflect.NativeConstructorAccessorImpl.newInstance(Unknown Source)
                        	at sun.reflect.DelegatingConstructorAccessorImpl.newInstance(Unknown Source)
                        	at java.lang.reflect.Constructor.newInstance(Unknown Source)
                        	at org.openqa.selenium.remote.ErrorHandler.createThrowable(ErrorHandler.java:206)
                        	at org.openqa.selenium.remote.ErrorHandler.throwIfResponseFailed(ErrorHandler.java:158)
                        	at org.openqa.selenium.remote.RemoteWebDriver.execute(RemoteWebDriver.java:595)
                        	at org.openqa.selenium.remote.RemoteWebDriver.findElement(RemoteWebDriver.java:348)
                        	at org.openqa.selenium.remote.RemoteWebDriver.findElementByXPath(RemoteWebDriver.java:445)
                        	at org.openqa.selenium.By$ByXPath.findElement(By.java:358)
                        	at org.openqa.selenium.remote.RemoteWebDriver.findElement(RemoteWebDriver.java:340)
                        	at com.obj.Edit_Status.Edit_Status.Is_delete_Popup_Enabled(Unknown Source)
                        	at com.obj.FileUpload.File_Upload_Test_Case.FileUpload_Test(Unknown Source)
                        	at sun.reflect.NativeMethodAccessorImpl.invoke0(Native Method)
                        	at sun.reflect.NativeMethodAccessorImpl.invoke(Unknown Source)
                        	at sun.reflect.DelegatingMethodAccessorImpl.invoke(Unknown Source)
                        	at java.lang.reflect.Method.invoke(Unknown Source)
                        	at org.testng.internal.MethodInvocationHelper.invokeMethod(MethodInvocationHelper.java:84)
                        	at org.testng.internal.Invoker.invokeMethod(Invoker.java:714)
                        	at org.testng.internal.Invoker.invokeTestMethod(Invoker.java:901)
                        	at org.testng.internal.Invoker.invokeTestMethods(Invoker.java:1231)
                        	at org.testng.internal.TestMethodWorker.invokeTestMethods(TestMethodWorker.java:127)
                        	at org.testng.internal.TestMethodWorker.run(TestMethodWorker.java:111)
                        	at org.testng.TestRunner.privateRun(TestRunner.java:767)
                        	at org.testng.TestRunner.run(TestRunner.java:617)
                        	at org.testng.SuiteRunner.runTest(SuiteRunner.java:334)
                        	at org.testng.SuiteRunner.runSequentially(SuiteRunner.java:329)
                        	at org.testng.SuiteRunner.privateRun(SuiteRunner.java:291)
                        	at org.testng.SuiteRunner.run(SuiteRunner.java:240)
                        	at org.testng.SuiteRunnerWorker.runSuite(SuiteRunnerWorker.java:52)
                        	at org.testng.SuiteRunnerWorker.run(SuiteRunnerWorker.java:86)
                        	at org.testng.TestNG.runSuitesSequentially(TestNG.java:1224)
                        	at org.testng.TestNG.runSuitesLocally(TestNG.java:1149)
                        	at org.testng.TestNG.run(TestNG.java:1057)
                        	at org.testng.TestNG.privateMain(TestNG.java:1364)
                        	at org.testng.TestNG.main(TestNG.java:1333)
                        Caused by: org.openqa.selenium.NoSuchElementException: Unable to locate element: {"method":"xpath","selector":"/html/body/div[4]/div/div/div[1]"}
                        For documentation on this error, please visit: http://seleniumhq.org/exceptions/no_such_element.html
                        Build info: version: '2.47.1', revision: '411b314', time: '2015-07-30 02:56:46'
                        System info: host: 'CHENNWL-455FT12', ip: '10.98.5.176', os.name: 'Windows 7', os.arch: 'amd64', os.version: '6.1', java.version:
                        '1.8.0_05'
                        Driver info: driver.version: unknown
                        	at &lt;anonymous class&gt;.FirefoxDriver.prototype.findElementInternal_(file:///C:/Users/MRANGA~1/AppData/Local/Temp/anonymous8094218404596717548webdriver-profile/extensions/fxdriver@googlecode.com/components/driver-component.js:10667)
                        	at &lt;anonymous class&gt;.fxdriver.Timer.prototype.setTimeout/&lt;.notify(file:///C:/Users/MRANGA~1/AppData/Local/Temp/anonymous8094218404596717548webdriver-profile/extensions/fxdriver@googlecode.com/components/driver-component.js:623)
                     </pre>
                  </div>
               </td>
            </tr>
            <tr id="com.obj.FileUpload.File_Upload_Test_Case_CloseBrowser_byClass_PASS3_row"
                class="testMethodStatusPASS testMethodStatusCONF">
               <td width="100%" class="firstMethodCell">
                  <a onclick="toggleDetailsVisibility('com.obj.FileUpload.File_Upload_Test_Case_CloseBrowser_byClass_PASS3_details')">CloseBrowser()</a>
               </td>
               <td nowrap="true">17:45:06</td>
               <td nowrap="true" align="right">10s
                  
               </td>
               <td nowrap="true">
                   
                  
               </td>
            </tr>
            <tr>
               <td colspan="4" class="detailsBox">
                  <div id="com.obj.FileUpload.File_Upload_Test_Case_CloseBrowser_byClass_PASS3_details"
                       class="testMethodDetails">
                     <div>
                        <b>Name: </b>CloseBrowser
                     </div>
                     <div>
                        <b>Signature: </b>CloseBrowser()[pri:0, instance:com.obj.FileUpload.File_Upload_Test_Case@735f7ae5]
                     </div>
                     <div>
                        <b>Start time: </b>17:45:06
                     </div>
                     <div>
                        <b>End time: </b>17:45:16
                     </div>
                     <div>
                        <b>Duration: </b>10s
                        
                     </div>
                  </div>
               </td>
            </tr>
            <tr></tr>
         </table>
         <br></br>
         <table class="testMethodsTable" cellpadding="0" cellspacing="0">
            <tr>
               <td colspan="4">
                  <h3 style="display: inline;">com.obj.TestScript.Dashboard_Status_Feed_TestScript</h3>
               </td>
            </tr>
            <tr class="methodsTableHeader">
               <td width="100%">Name</td>
               <td nowrap="true">Started</td>
               <td nowrap="true">Duration</td>
               <td>Exception</td>
            </tr>
            <tr id="com.obj.TestScript.Dashboard_Status_Feed_TestScript_OpenBrowser_byClass_PASS1_row"
                class="testMethodStatusPASS testMethodStatusCONF">
               <td width="100%" class="firstMethodCell">
                  <a onclick="toggleDetailsVisibility('com.obj.TestScript.Dashboard_Status_Feed_TestScript_OpenBrowser_byClass_PASS1_details')">OpenBrowser()</a>
               </td>
               <td nowrap="true">17:41:14</td>
               <td nowrap="true" align="right">39s
                  
               </td>
               <td nowrap="true">
                   
                  
               </td>
            </tr>
            <tr>
               <td colspan="4" class="detailsBox">
                  <div id="com.obj.TestScript.Dashboard_Status_Feed_TestScript_OpenBrowser_byClass_PASS1_details"
                       class="testMethodDetails">
                     <div>
                        <b>Name: </b>OpenBrowser
                     </div>
                     <div>
                        <b>Signature: </b>OpenBrowser()[pri:0, instance:com.obj.TestScript.Dashboard_Status_Feed_TestScript@3d24753a]
                     </div>
                     <div>
                        <b>Start time: </b>17:41:14
                     </div>
                     <div>
                        <b>End time: </b>17:41:53
                     </div>
                     <div>
                        <b>Duration: </b>39s
                        
                     </div>
                  </div>
               </td>
            </tr>
            <tr></tr>
            <tr id="com.obj.TestScript.Dashboard_Status_Feed_TestScript_Dashboard_Widget_TestCase_byClass_PASS2_row"
                class="testMethodStatusPASS">
               <td width="100%" class="firstMethodCell">
                  <a onclick="toggleDetailsVisibility('com.obj.TestScript.Dashboard_Status_Feed_TestScript_Dashboard_Widget_TestCase_byClass_PASS2_details')">Dashboard_Widget_TestCase()</a>
               </td>
               <td nowrap="true">17:41:53</td>
               <td nowrap="true" align="right">42s
                  
               </td>
               <td nowrap="true">
                   
                  
               </td>
            </tr>
            <tr>
               <td colspan="4" class="detailsBox">
                  <div id="com.obj.TestScript.Dashboard_Status_Feed_TestScript_Dashboard_Widget_TestCase_byClass_PASS2_details"
                       class="testMethodDetails">
                     <div>
                        <b>Name: </b>Dashboard_Widget_TestCase
                     </div>
                     <div>
                        <b>Signature: </b>Dashboard_Widget_TestCase()[pri:0, instance:com.obj.TestScript.Dashboard_Status_Feed_TestScript@3d24753a]
                     </div>
                     <div>
                        <b>Start time: </b>17:41:53
                     </div>
                     <div>
                        <b>End time: </b>17:42:35
                     </div>
                     <div>
                        <b>Duration: </b>42s
                        
                     </div>
                  </div>
               </td>
            </tr>
            <tr></tr>
            <tr id="com.obj.TestScript.Dashboard_Status_Feed_TestScript_CloseBrowser_byClass_PASS3_row"
                class="testMethodStatusPASS testMethodStatusCONF">
               <td width="100%" class="firstMethodCell">
                  <a onclick="toggleDetailsVisibility('com.obj.TestScript.Dashboard_Status_Feed_TestScript_CloseBrowser_byClass_PASS3_details')">CloseBrowser()</a>
               </td>
               <td nowrap="true">17:42:35</td>
               <td nowrap="true" align="right">11s
                  
               </td>
               <td nowrap="true">
                   
                  
               </td>
            </tr>
            <tr>
               <td colspan="4" class="detailsBox">
                  <div id="com.obj.TestScript.Dashboard_Status_Feed_TestScript_CloseBrowser_byClass_PASS3_details"
                       class="testMethodDetails">
                     <div>
                        <b>Name: </b>CloseBrowser
                     </div>
                     <div>
                        <b>Signature: </b>CloseBrowser()[pri:0, instance:com.obj.TestScript.Dashboard_Status_Feed_TestScript@3d24753a]
                     </div>
                     <div>
                        <b>Start time: </b>17:42:35
                     </div>
                     <div>
                        <b>End time: </b>17:42:46
                     </div>
                     <div>
                        <b>Duration: </b>11s
                        
                     </div>
                  </div>
               </td>
            </tr>
            <tr></tr>
         </table>
         <br></br>
      </div>
      <div style="margin-top: 15px; color: gray; text-align: center; font-size: 9px;">
         Generated with
         
         <a href="http://code.google.com/p/testng-xslt/" style="color: #8888aa;"
            target="_blank">
            TestNG XSLT
            
         </a>
      </div>
   </body>
</html>