<?xml version="1.0" encoding="UTF-8"?>
<testng-results skipped="0" failed="0" total="3" passed="3">
  <reporter-output>
  </reporter-output>
  <suite name="Default suite" duration-ms="114741" started-at="2015-11-26T06:05:44Z" finished-at="2015-11-26T06:07:38Z">
    <groups>
    </groups>
    <test name="Default test" duration-ms="114741" started-at="2015-11-26T06:05:44Z" finished-at="2015-11-26T06:07:38Z">
      <class name="com.obj.About.About_Test_Case">
        <test-method status="PASS" signature="OpenBrowser()[pri:0, instance:com.obj.About.About_Test_Case@2752f6e2]" name="OpenBrowser" is-config="true" duration-ms="43113" started-at="2015-11-26T11:35:44Z" finished-at="2015-11-26T11:36:27Z">
          <reporter-output>
          </reporter-output>
        </test-method> <!-- OpenBrowser -->
        <test-method status="PASS" signature="About_Me_Test()[pri:0, instance:com.obj.About.About_Test_Case@2752f6e2]" name="About_Me_Test" duration-ms="30763" started-at="2015-11-26T11:36:27Z" finished-at="2015-11-26T11:36:57Z">
          <reporter-output>
          </reporter-output>
        </test-method> <!-- About_Me_Test -->
        <test-method status="PASS" signature="Navigate_To_About()[pri:0, instance:com.obj.About.About_Test_Case@2752f6e2]" name="Navigate_To_About" duration-ms="4815" started-at="2015-11-26T11:36:57Z" finished-at="2015-11-26T11:37:02Z">
          <reporter-output>
          </reporter-output>
        </test-method> <!-- Navigate_To_About -->
        <test-method status="PASS" signature="Profile_Basic_Information_In_About()[pri:0, instance:com.obj.About.About_Test_Case@2752f6e2]" name="Profile_Basic_Information_In_About" duration-ms="25783" started-at="2015-11-26T11:37:02Z" finished-at="2015-11-26T11:37:28Z">
          <reporter-output>
          </reporter-output>
        </test-method> <!-- Profile_Basic_Information_In_About -->
        <test-method status="PASS" signature="CloseBrowser()[pri:0, instance:com.obj.About.About_Test_Case@2752f6e2]" name="CloseBrowser" is-config="true" duration-ms="10244" started-at="2015-11-26T11:37:28Z" finished-at="2015-11-26T11:37:38Z">
          <reporter-output>
          </reporter-output>
        </test-method> <!-- CloseBrowser -->
      </class> <!-- com.obj.About.About_Test_Case -->
    </test> <!-- Default test -->
  </suite> <!-- Default suite -->
</testng-results>
