<?xml version="1.0" encoding="UTF-8"?>
<testng-results skipped="2" failed="0" total="2" passed="0">
  <reporter-output>
  </reporter-output>
  <suite name="Suite" duration-ms="9" started-at="2015-07-09T12:14:59Z" finished-at="2015-07-09T12:14:59Z">
    <groups>
    </groups>
    <test name="Test" duration-ms="9" started-at="2015-07-09T12:14:59Z" finished-at="2015-07-09T12:14:59Z">
      <class name="com.obj.TestScript.Status_Feed_Test">
        <test-method status="FAIL" signature="createDriverByType()[pri:0, instance:com.obj.TestScript.Status_Feed_Test@1888ff2c]" name="createDriverByType" is-config="true" duration-ms="0" started-at="2015-07-09T17:44:59Z" finished-at="2015-07-09T17:44:59Z">
          <exception class="java.util.NoSuchElementException">
            <full-stacktrace>
              <![CDATA[java.util.NoSuchElementException
	at java.util.Scanner.throwFor(Scanner.java:862)
	at java.util.Scanner.next(Scanner.java:1485)
	at java.util.Scanner.nextInt(Scanner.java:2117)
	at java.util.Scanner.nextInt(Scanner.java:2076)
	at com.obj.Browser.OpenBrowser.createDriverByType(Unknown Source)
	at sun.reflect.NativeMethodAccessorImpl.invoke0(Native Method)
	at sun.reflect.NativeMethodAccessorImpl.invoke(NativeMethodAccessorImpl.java:62)
	at sun.reflect.DelegatingMethodAccessorImpl.invoke(DelegatingMethodAccessorImpl.java:43)
	at java.lang.reflect.Method.invoke(Method.java:483)
	at org.testng.internal.MethodInvocationHelper.invokeMethod(MethodInvocationHelper.java:84)
	at org.testng.internal.Invoker.invokeConfigurationMethod(Invoker.java:564)
	at org.testng.internal.Invoker.invokeConfigurations(Invoker.java:213)
	at org.testng.internal.Invoker.invokeConfigurations(Invoker.java:138)
	at org.testng.SuiteRunner.privateRun(SuiteRunner.java:277)
	at org.testng.SuiteRunner.run(SuiteRunner.java:240)
	at org.testng.SuiteRunnerWorker.runSuite(SuiteRunnerWorker.java:52)
	at org.testng.SuiteRunnerWorker.run(SuiteRunnerWorker.java:86)
	at org.testng.TestNG.runSuitesSequentially(TestNG.java:1224)
	at org.testng.TestNG.runSuitesLocally(TestNG.java:1149)
	at org.testng.TestNG.run(TestNG.java:1057)
	at org.testng.TestNG.privateMain(TestNG.java:1364)
	at org.testng.TestNG.main(TestNG.java:1333)
]]>
            </full-stacktrace>
          </exception> <!-- java.util.NoSuchElementException -->
          <reporter-output>
          </reporter-output>
        </test-method> <!-- createDriverByType -->
        <test-method status="SKIP" signature="OpenBrowse()[pri:0, instance:com.obj.TestScript.Status_Feed_Test@1888ff2c]" name="OpenBrowse" is-config="true" duration-ms="0" started-at="2015-07-09T17:44:59Z" finished-at="2015-07-09T17:44:59Z">
          <reporter-output>
          </reporter-output>
        </test-method> <!-- OpenBrowse -->
        <test-method status="SKIP" signature="Status_Feed_TestCase()[pri:0, instance:com.obj.TestScript.Status_Feed_Test@1888ff2c]" name="Status_Feed_TestCase" duration-ms="1" started-at="2015-07-09T17:44:59Z" finished-at="2015-07-09T17:44:59Z">
          <reporter-output>
          </reporter-output>
        </test-method> <!-- Status_Feed_TestCase -->
        <test-method status="SKIP" signature="Edit_Feed_TestCase()[pri:0, instance:com.obj.TestScript.Status_Feed_Test@1888ff2c]" name="Edit_Feed_TestCase" duration-ms="0" started-at="2015-07-09T17:44:59Z" finished-at="2015-07-09T17:44:59Z">
          <reporter-output>
          </reporter-output>
        </test-method> <!-- Edit_Feed_TestCase -->
        <test-method status="SKIP" signature="closeBrowser()[pri:0, instance:com.obj.TestScript.Status_Feed_Test@1888ff2c]" name="closeBrowser" is-config="true" duration-ms="0" started-at="2015-07-09T17:44:59Z" finished-at="2015-07-09T17:44:59Z">
          <reporter-output>
          </reporter-output>
        </test-method> <!-- closeBrowser -->
        <test-method status="SKIP" signature="CloseBrowseInitialization()[pri:0, instance:com.obj.TestScript.Status_Feed_Test@1888ff2c]" name="CloseBrowseInitialization" is-config="true" duration-ms="0" started-at="2015-07-09T17:44:59Z" finished-at="2015-07-09T17:44:59Z">
          <reporter-output>
          </reporter-output>
        </test-method> <!-- CloseBrowseInitialization -->
      </class> <!-- com.obj.TestScript.Status_Feed_Test -->
    </test> <!-- Test -->
  </suite> <!-- Suite -->
</testng-results>
