<?xml version="1.0" encoding="UTF-8"?>
<!-- Generated by org.testng.reporters.JUnitXMLReporter -->
<testsuite hostname="CHENNWL-455FT12" name="Status_Feed_Feature_Test" tests="4" failures="0" timestamp="16 Oct 2015 09:49:40 GMT" time="299.661" errors="0">
  <testcase name="Dashboard_Widget_TestCase" time="111.189" classname="com.obj.TestScript.Dashboard_Status_Feed_TestScript"/>
  <testcase name="Status_Feed_TestCase" time="42.35" classname="com.obj.TestScript.Dashboard_Status_Feed_TestScript"/>
  <testcase name="FileUpload_Test" time="73.62" classname="com.obj.TestScript.Dashboard_Status_Feed_TestScript"/>
  <testcase name="LInksUpload_Test" time="28.876" classname="com.obj.TestScript.Dashboard_Status_Feed_TestScript"/>
</testsuite> <!-- Status_Feed_Feature_Test -->
