<?xml version="1.0" encoding="UTF-8"?>
<!-- Generated by org.testng.reporters.JUnitXMLReporter -->
<testsuite hostname="CHENNWL-455FT12" name="Test" tests="1" failures="1" timestamp="26 Aug 2015 09:38:54 GMT" time="31.124" errors="0">
  <testcase name="Dashboard_Widget_TestCase" time="3.009" classname="com.obj.TestScript.Dashboard_Teaser_Test">
    <failure type="java.lang.NullPointerException">
      <![CDATA[java.lang.NullPointerException
	at com.obj.Dashboard_Widget.Dashboard_Widget.Scrolling_The_Page(Dashboard_Widget.java:546)
	at com.obj.TestScript.Dashboard_Teaser_Test.Dashboard_Widget_TestCase(Dashboard_Teaser_Test.java:23)
... Removed 24 stack frames]]>
    </failure>
  </testcase> <!-- Dashboard_Widget_TestCase -->
</testsuite> <!-- Test -->
